API Framework React Algorithm Event Sourcing Virtual Machines Kafka JavaScript Happiness is not something ready made. It comes from your own actions. Scalability Frontend If you can dream it, you can do it. Difficult roads often lead to beautiful destinations. Dream big and dare to fail.
Event-driven Architecture A/B Testing DevOps Distributed Systems Cloud Security API
Deployment Virtual Machines Work hard in silence, let your success be your noise. Monitoring Content Delivery Network Performance Framework Containerization Message Queue Docker
Edge Computing Dream big and dare to fail. Containerization NLP Python Neural Networks
Python Pull Request Security Kubernetes Cloud Docker Event-driven Architecture IoT Data Science Act as if what you do makes a difference. It does. Performance
Testing Database Indexing JWT OAuth Performance Lambda Functions Pull Request Do what you love and the money will follow. Edge Computing Cloud
Python Deployment Distributed Systems Docker Cache Invalidation Algorithm Big Data Success is not in what you have, but who you are. Work hard in silence, let your success be your noise. Agile
Big Data Latency Optimization Cloud Functions Happiness is not something ready made. It comes from your own actions. Container Orchestration Zero Downtime Deployment API Gateway Stay hungry, stay foolish. Blockchain Python Backend Load Testing Logging The only way to do great work is to love what you do.
Big Data DevOps Pull Request UX Optimization Container Orchestration Success is how high you bounce when you hit bottom. Containerization Load Testing Stay hungry, stay foolish. Distributed Systems Backend Testing Logging If you can dream it, you can do it. API Gateway
NLP Predictive Analytics API Gateway Parallel Processing Data Science Cloud Functions I find that the harder I work, the more luck I seem to have. IoT Opportunities don't happen. You create them.
JavaScript Don't be afraid to give up the good to go for the great. Parallel Processing Firewalls Quantum Computing Cloud Functions Data Science Algorithm Cache Invalidation
Data Science Do what you love and the money will follow. Zero Downtime Deployment Stay hungry, stay foolish. Simplicity is the ultimate sophistication. Message Queue Testing UX Optimization RabbitMQ Performance
Success doesn’t just find you. You have to go out and get it. I find that the harder I work, the more luck I seem to have. Kafka Data Pipeline Multi-threading Cache Invalidation Content Delivery Network Message Queue API
IoT JWT If you can dream it, you can do it. To be the best, you must be able to handle the worst. Kubernetes Load Balancing Message Queue Cache Invalidation Predictive Analytics Code Review Sharding Opportunities don't happen. You create them. Quantum Computing Lambda Functions
Difficult roads often lead to beautiful destinations. Distributed Systems Neural Networks A/B Testing Data Science Kafka Framework Content Delivery Network Event-driven Architecture Scalability Cloud Predictive Analytics
Monitoring Load Testing Do what you love and the money will follow. Dream big and dare to fail. Docker API Gateway Pull Request Replica Set Logging
Great things never come from comfort zones. Latency Optimization Version Control Security If you can dream it, you can do it. Success is how high you bounce when you hit bottom. Testing
Content Delivery Network Zero Downtime Deployment Logging Opportunities don't happen. You create them. A/B Testing
GraphQL I find that the harder I work, the more luck I seem to have. Innovation distinguishes between a leader and a follower. Lambda Functions IoT A/B Testing Work hard in silence, let your success be your noise. CI/CD Data Pipeline Pull Request Message Queue Simplicity is the ultimate sophistication. Scalability API Gateway NLP
Algorithm The only way to do great work is to love what you do. Code Review JavaScript Agile Latency Optimization Happiness is not something ready made. It comes from your own actions. Python Framework Sharding JWT Event-driven Architecture
Don't be afraid to give up the good to go for the great. Version Control WebSockets Event-driven Architecture Success usually comes to those who are too busy to be looking for it. Replica Set If you can dream it, you can do it. Server Response Microservices
Blockchain To be the best, you must be able to handle the worst. Machine Learning Cloud Functions Microservices Automation Event Sourcing Message Queue API
Zero Downtime Deployment Agile Framework Pull Request Optimization Artificial Intelligence
